<?xml version="1.0" encoding="UTF-8"?>
<testng-results skipped="0" failed="0" ignored="0" total="1" passed="1">
  <reporter-output>
  </reporter-output>
  <suite name="Default suite" duration-ms="6026" started-at="2018-05-15T11:47:41Z" finished-at="2018-05-15T11:47:47Z">
    <groups>
    </groups>
    <test name="Default test" duration-ms="6026" started-at="2018-05-15T11:47:41Z" finished-at="2018-05-15T11:47:47Z">
      <class name="simpleGet">
        <test-method status="PASS" signature="simplegetendpoint()[pri:0, instance:simpleGet@4f933fd1]" name="simplegetendpoint" duration-ms="6000" started-at="2018-05-15T17:17:41Z" finished-at="2018-05-15T17:17:47Z">
          <reporter-output>
          </reporter-output>
        </test-method> <!-- simplegetendpoint -->
      </class> <!-- simpleGet -->
    </test> <!-- Default test -->
  </suite> <!-- Default suite -->
</testng-results>
